#
# There is insufficient memory for the Java Runtime Environment to continue.
# Native memory allocation (mmap) failed to map 17825792 bytes for committing reserved memory.
# Possible reasons:
#   The system is out of physical RAM or swap space
#   In 32 bit mode, the process size limit was hit
# Possible solutions:
#   Reduce memory load on the system
#   Increase physical memory or swap space
#   Check if swap backing store is full
#   Use 64 bit Java on a 64 bit OS
#   Decrease Java heap size (-Xmx/-Xms)
#   Decrease number of Java threads
#   Decrease Java thread stack sizes (-Xss)
#   Set larger code cache with -XX:ReservedCodeCacheSize=
# This output file may be truncated or incomplete.
#
#  Out of Memory Error (os_linux.cpp:2640), pid=12904, tid=0x00007f7ed7efe700
#
# JRE version: Java(TM) SE Runtime Environment (8.0_144-b01) (build 1.8.0_144-b01)
# Java VM: Java HotSpot(TM) 64-Bit Server VM (25.144-b01 mixed mode linux-amd64 compressed oops)
# Failed to write core dump. Core dumps have been disabled. To enable core dumping, try "ulimit -c unlimited" before starting Java again
#

---------------  T H R E A D  ---------------

Current thread (0x00007f7eec073800):  VMThread [stack: 0x00007f7ed7dfe000,0x00007f7ed7eff000] [id=12918]

Stack: [0x00007f7ed7dfe000,0x00007f7ed7eff000],  sp=0x00007f7ed7efd240,  free space=1020k
Native frames: (J=compiled Java code, j=interpreted, Vv=VM code, C=native code)
V  [libjvm.so+0xacb18a]  VMError::report_and_die()+0x2ba
V  [libjvm.so+0x4ff4db]  report_vm_out_of_memory(char const*, int, unsigned long, VMErrorType, char const*)+0x8b
V  [libjvm.so+0x927d23]  os::Linux::commit_memory_impl(char*, unsigned long, bool)+0x103
V  [libjvm.so+0x928279]  os::pd_commit_memory(char*, unsigned long, unsigned long, bool)+0x29
V  [libjvm.so+0x92249a]  os::commit_memory(char*, unsigned long, unsigned long, bool)+0x2a
V  [libjvm.so+0x996ff3]  PSVirtualSpace::expand_by(unsigned long)+0x53
V  [libjvm.so+0x9878b0]  PSOldGen::expand(unsigned long)+0x170
V  [libjvm.so+0x987abb]  PSOldGen::resize(unsigned long)+0x1cb
V  [libjvm.so+0x98f7c1]  PSParallelCompact::invoke_no_policy(bool)+0x991
V  [libjvm.so+0x98fab3]  PSParallelCompact::invoke(bool)+0x63
V  [libjvm.so+0x485f14]  CollectedHeap::collect_as_vm_thread(GCCause::Cause)+0x114
V  [libjvm.so+0xacc601]  VM_CollectForMetadataAllocation::doit()+0x161
V  [libjvm.so+0xad4685]  VM_Operation::evaluate()+0x55
V  [libjvm.so+0xad2a5a]  VMThread::evaluate_operation(VM_Operation*)+0xba
V  [libjvm.so+0xad2dde]  VMThread::loop()+0x1ce
V  [libjvm.so+0xad3250]  VMThread::run()+0x70
V  [libjvm.so+0x92a338]  java_start(Thread*)+0x108

VM_Operation (0x00007f7ef5d99eb0): CollectForMetadataAllocation, mode: safepoint, requested by thread 0x00007f7eec00a000


---------------  P R O C E S S  ---------------

Java Threads: ( => current thread )
  0x00007f7eec0ba800 JavaThread "Service Thread" daemon [_thread_blocked, id=12924, stack(0x00007f7ed766f000,0x00007f7ed7770000)]
  0x00007f7eec0b7800 JavaThread "C1 CompilerThread1" daemon [_thread_blocked, id=12923, stack(0x00007f7ed7770000,0x00007f7ed7871000)]
  0x00007f7eec0b5000 JavaThread "C2 CompilerThread0" daemon [_thread_blocked, id=12922, stack(0x00007f7ed7871000,0x00007f7ed7972000)]
  0x00007f7eec0b3800 JavaThread "Signal Dispatcher" daemon [_thread_blocked, id=12921, stack(0x00007f7ed7972000,0x00007f7ed7a73000)]
  0x00007f7eec080000 JavaThread "Finalizer" daemon [_thread_blocked, id=12920, stack(0x00007f7ed7bfc000,0x00007f7ed7cfd000)]
  0x00007f7eec07b800 JavaThread "Reference Handler" daemon [_thread_blocked, id=12919, stack(0x00007f7ed7cfd000,0x00007f7ed7dfe000)]
  0x00007f7eec00a000 JavaThread "main" [_thread_blocked, id=12915, stack(0x00007f7ef5c9e000,0x00007f7ef5d9f000)]

Other Threads:
=>0x00007f7eec073800 VMThread [stack: 0x00007f7ed7dfe000,0x00007f7ed7eff000] [id=12918]
  0x00007f7eec0bd800 WatcherThread [stack: 0x00007f7ed756e000,0x00007f7ed766f000] [id=12925]

VM state:at safepoint (normal execution)

VM Mutex/Monitor currently owned by a thread:  ([mutex/lock_event])
[0x00007f7eec0059d0] ExpandHeap_lock - owner thread: 0x00007f7eec073800
[0x00007f7eec006050] Threads_lock - owner thread: 0x00007f7eec073800
[0x00007f7eec006550] Heap_lock - owner thread: 0x00007f7eec00a000

Heap:
 PSYoungGen      total 206848K, used 0K [0x00000000eb600000, 0x00000000fa100000, 0x0000000100000000)
  eden space 191488K, 0% used [0x00000000eb600000,0x00000000eb600000,0x00000000f7100000)
  from space 15360K, 0% used [0x00000000f8600000,0x00000000f8600000,0x00000000f9500000)
  to   space 21504K, 0% used [0x00000000f7100000,0x00000000f7100000,0x00000000f8600000)
 ParOldGen       total 42496K, used 29217K [0x00000000c2200000, 0x00000000c4b80000, 0x00000000eb600000)
  object space 42496K, 68% used [0x00000000c2200000,0x00000000c3e884a0,0x00000000c4b80000)
 Metaspace       used 20700K, capacity 21238K, committed 21296K, reserved 1069056K
  class space    used 2418K, capacity 2564K, committed 2608K, reserved 1048576K

Card table byte_map: [0x00007f7ef2848000,0x00007f7ef2a38000] byte_map_base: 0x00007f7ef2237000

Marking Bits: (ParMarkBitMap*) 0x00007f7ef5160dc0
 Begin Bits: [0x00007f7ef060c000, 0x00007f7ef1584000)
 End Bits:   [0x00007f7ef1584000, 0x00007f7ef24fc000)

Polling page: 0x00007f7ef5dae000

CodeCache: size=245760Kb used=11572Kb max_used=11572Kb free=234187Kb
 bounds [0x00007f7edd000000, 0x00007f7eddb60000, 0x00007f7eec000000]
 total_blobs=3989 nmethods=3639 adapters=263
 compilation: enabled

Compilation events (10 events):
Event: 5.934 Thread 0x00007f7eec0b7800 3663       2       sun.misc.ProxyGenerator::access$700 (7 bytes)
Event: 5.934 Thread 0x00007f7eec0b7800 nmethod 3663 0x00007f7eddb50390 code [0x00007f7eddb50500, 0x00007f7eddb50668]
Event: 5.934 Thread 0x00007f7eec0b7800 3664       2       java.io.DataOutputStream::writeUTF (435 bytes)
Event: 5.935 Thread 0x00007f7eec0b7800 nmethod 3664 0x00007f7eddb50750 code [0x00007f7eddb509a0, 0x00007f7eddb516e8]
Event: 5.937 Thread 0x00007f7eec0b7800 3665       2       java.net.URI::isAbsolute (13 bytes)
Event: 5.937 Thread 0x00007f7eec0b7800 nmethod 3665 0x00007f7eddb52310 code [0x00007f7eddb52460, 0x00007f7eddb525d0]
Event: 5.940 Thread 0x00007f7eec0b7800 3666       2       sun.misc.URLClassPath::getResource (83 bytes)
Event: 5.941 Thread 0x00007f7eec0b7800 nmethod 3666 0x00007f7eddb52650 code [0x00007f7eddb527e0, 0x00007f7eddb52a68]
Event: 5.942 Thread 0x00007f7eec0b7800 3667       2       java.lang.AbstractStringBuilder::append (50 bytes)
Event: 5.942 Thread 0x00007f7eec0b7800 nmethod 3667 0x00007f7eddb52bd0 code [0x00007f7eddb52d80, 0x00007f7eddb53168]

GC Heap History (10 events):
Event: 1.742 GC heap after
Heap after GC invocations=6 (full 0):
 PSYoungGen      total 69632K, used 6112K [0x00000000eb600000, 0x00000000f0400000, 0x0000000100000000)
  eden space 62464K, 0% used [0x00000000eb600000,0x00000000eb600000,0x00000000ef300000)
  from space 7168K, 85% used [0x00000000efb00000,0x00000000f00f8020,0x00000000f0200000)
  to   space 8192K, 0% used [0x00000000ef300000,0x00000000ef300000,0x00000000efb00000)
 ParOldGen       total 42496K, used 8484K [0x00000000c2200000, 0x00000000c4b80000, 0x00000000eb600000)
  object space 42496K, 19% used [0x00000000c2200000,0x00000000c2a49288,0x00000000c4b80000)
 Metaspace       used 13292K, capacity 13576K, committed 13696K, reserved 1060864K
  class space    used 1582K, capacity 1640K, committed 1664K, reserved 1048576K
}
Event: 2.181 GC heap before
{Heap before GC invocations=7 (full 0):
 PSYoungGen      total 69632K, used 68576K [0x00000000eb600000, 0x00000000f0400000, 0x0000000100000000)
  eden space 62464K, 100% used [0x00000000eb600000,0x00000000ef300000,0x00000000ef300000)
  from space 7168K, 85% used [0x00000000efb00000,0x00000000f00f8020,0x00000000f0200000)
  to   space 8192K, 0% used [0x00000000ef300000,0x00000000ef300000,0x00000000efb00000)
 ParOldGen       total 42496K, used 8484K [0x00000000c2200000, 0x00000000c4b80000, 0x00000000eb600000)
  object space 42496K, 19% used [0x00000000c2200000,0x00000000c2a49288,0x00000000c4b80000)
 Metaspace       used 13888K, capacity 14104K, committed 14336K, reserved 1062912K
  class space    used 1636K, capacity 1710K, committed 1792K, reserved 1048576K
Event: 2.196 GC heap after
Heap after GC invocations=7 (full 0):
 PSYoungGen      total 70656K, used 8176K [0x00000000eb600000, 0x00000000f4400000, 0x0000000100000000)
  eden space 62464K, 0% used [0x00000000eb600000,0x00000000eb600000,0x00000000ef300000)
  from space 8192K, 99% used [0x00000000ef300000,0x00000000efafc010,0x00000000efb00000)
  to   space 10240K, 0% used [0x00000000f3a00000,0x00000000f3a00000,0x00000000f4400000)
 ParOldGen       total 42496K, used 10142K [0x00000000c2200000, 0x00000000c4b80000, 0x00000000eb600000)
  object space 42496K, 23% used [0x00000000c2200000,0x00000000c2be7b38,0x00000000c4b80000)
 Metaspace       used 13888K, capacity 14104K, committed 14336K, reserved 1062912K
  class space    used 1636K, capacity 1710K, committed 1792K, reserved 1048576K
}
Event: 2.517 GC heap before
{Heap before GC invocations=8 (full 0):
 PSYoungGen      total 70656K, used 70640K [0x00000000eb600000, 0x00000000f4400000, 0x0000000100000000)
  eden space 62464K, 100% used [0x00000000eb600000,0x00000000ef300000,0x00000000ef300000)
  from space 8192K, 99% used [0x00000000ef300000,0x00000000efafc010,0x00000000efb00000)
  to   space 10240K, 0% used [0x00000000f3a00000,0x00000000f3a00000,0x00000000f4400000)
 ParOldGen       total 42496K, used 10142K [0x00000000c2200000, 0x00000000c4b80000, 0x00000000eb600000)
  object space 42496K, 23% used [0x00000000c2200000,0x00000000c2be7b38,0x00000000c4b80000)
 Metaspace       used 14105K, capacity 14296K, committed 14592K, reserved 1062912K
  class space    used 1637K, capacity 1710K, committed 1792K, reserved 1048576K
Event: 2.548 GC heap after
Heap after GC invocations=8 (full 0):
 PSYoungGen      total 133632K, used 10208K [0x00000000eb600000, 0x00000000f4700000, 0x0000000100000000)
  eden space 123392K, 0% used [0x00000000eb600000,0x00000000eb600000,0x00000000f2e80000)
  from space 10240K, 99% used [0x00000000f3a00000,0x00000000f43f8020,0x00000000f4400000)
  to   space 11776K, 0% used [0x00000000f2e80000,0x00000000f2e80000,0x00000000f3a00000)
 ParOldGen       total 42496K, used 11168K [0x00000000c2200000, 0x00000000c4b80000, 0x00000000eb600000)
  object space 42496K, 26% used [0x00000000c2200000,0x00000000c2ce8348,0x00000000c4b80000)
 Metaspace       used 14105K, capacity 14296K, committed 14592K, reserved 1062912K
  class space    used 1637K, capacity 1710K, committed 1792K, reserved 1048576K
}
Event: 4.373 GC heap before
{Heap before GC invocations=9 (full 0):
 PSYoungGen      total 133632K, used 133600K [0x00000000eb600000, 0x00000000f4700000, 0x0000000100000000)
  eden space 123392K, 100% used [0x00000000eb600000,0x00000000f2e80000,0x00000000f2e80000)
  from space 10240K, 99% used [0x00000000f3a00000,0x00000000f43f8020,0x00000000f4400000)
  to   space 11776K, 0% used [0x00000000f2e80000,0x00000000f2e80000,0x00000000f3a00000)
 ParOldGen       total 42496K, used 11168K [0x00000000c2200000, 0x00000000c4b80000, 0x00000000eb600000)
  object space 42496K, 26% used [0x00000000c2200000,0x00000000c2ce8348,0x00000000c4b80000)
 Metaspace       used 15279K, capacity 15614K, committed 16000K, reserved 1062912K
  class space    used 1747K, capacity 1800K, committed 1920K, reserved 1048576K
Event: 4.491 GC heap after
Heap after GC invocations=9 (full 0):
 PSYoungGen      total 135168K, used 11776K [0x00000000eb600000, 0x00000000f9500000, 0x0000000100000000)
  eden space 123392K, 0% used [0x00000000eb600000,0x00000000eb600000,0x00000000f2e80000)
  from space 11776K, 100% used [0x00000000f2e80000,0x00000000f3a00000,0x00000000f3a00000)
  to   space 15360K, 0% used [0x00000000f8600000,0x00000000f8600000,0x00000000f9500000)
 ParOldGen       total 42496K, used 15234K [0x00000000c2200000, 0x00000000c4b80000, 0x00000000eb600000)
  object space 42496K, 35% used [0x00000000c2200000,0x00000000c30e0a10,0x00000000c4b80000)
 Metaspace       used 15279K, capacity 15614K, committed 16000K, reserved 1062912K
  class space    used 1747K, capacity 1800K, committed 1920K, reserved 1048576K
}
Event: 5.945 GC heap before
{Heap before GC invocations=10 (full 0):
 PSYoungGen      total 135168K, used 91817K [0x00000000eb600000, 0x00000000f9500000, 0x0000000100000000)
  eden space 123392K, 64% used [0x00000000eb600000,0x00000000f042a6b0,0x00000000f2e80000)
  from space 11776K, 100% used [0x00000000f2e80000,0x00000000f3a00000,0x00000000f3a00000)
  to   space 15360K, 0% used [0x00000000f8600000,0x00000000f8600000,0x00000000f9500000)
 ParOldGen       total 42496K, used 15234K [0x00000000c2200000, 0x00000000c4b80000, 0x00000000eb600000)
  object space 42496K, 35% used [0x00000000c2200000,0x00000000c30e0a10,0x00000000c4b80000)
 Metaspace       used 20700K, capacity 21238K, committed 21296K, reserved 1069056K
  class space    used 2418K, capacity 2564K, committed 2608K, reserved 1048576K
Event: 6.100 GC heap after
Heap after GC invocations=10 (full 0):
 PSYoungGen      total 206848K, used 15334K [0x00000000eb600000, 0x00000000fa100000, 0x0000000100000000)
  eden space 191488K, 0% used [0x00000000eb600000,0x00000000eb600000,0x00000000f7100000)
  from space 15360K, 99% used [0x00000000f8600000,0x00000000f94f9948,0x00000000f9500000)
  to   space 21504K, 0% used [0x00000000f7100000,0x00000000f7100000,0x00000000f8600000)
 ParOldGen       total 42496K, used 25910K [0x00000000c2200000, 0x00000000c4b80000, 0x00000000eb600000)
  object space 42496K, 60% used [0x00000000c2200000,0x00000000c3b4d9e0,0x00000000c4b80000)
 Metaspace       used 20700K, capacity 21238K, committed 21296K, reserved 1069056K
  class space    used 2418K, capacity 2564K, committed 2608K, reserved 1048576K
}
Event: 6.106 GC heap before
{Heap before GC invocations=11 (full 1):
 PSYoungGen      total 206848K, used 15334K [0x00000000eb600000, 0x00000000fa100000, 0x0000000100000000)
  eden space 191488K, 0% used [0x00000000eb600000,0x00000000eb600000,0x00000000f7100000)
  from space 15360K, 99% used [0x00000000f8600000,0x00000000f94f9948,0x00000000f9500000)
  to   space 21504K, 0% used [0x00000000f7100000,0x00000000f7100000,0x00000000f8600000)
 ParOldGen       total 42496K, used 25910K [0x00000000c2200000, 0x00000000c4b80000, 0x00000000eb600000)
  object space 42496K, 60% used [0x00000000c2200000,0x00000000c3b4d9e0,0x00000000c4b80000)
 Metaspace       used 20700K, capacity 21238K, committed 21296K, reserved 1069056K
  class space    used 2418K, capacity 2564K, committed 2608K, reserved 1048576K

Deoptimization events (10 events):
Event: 5.831 Thread 0x00007f7eec00a000 Uncommon trap: reason=class_check action=maybe_recompile pc=0x00007f7edd1bd2c8 method=sun.misc.URLClassPath.getLoader(I)Lsun/misc/URLClassPath$Loader; @ 239
Event: 5.831 Thread 0x00007f7eec00a000 Uncommon trap: reason=class_check action=maybe_recompile pc=0x00007f7edd2ea268 method=sun.misc.URLClassPath.getResource(Ljava/lang/String;Z)Lsun/misc/Resource; @ 62
Event: 5.862 Thread 0x00007f7eec00a000 Uncommon trap: reason=class_check action=maybe_recompile pc=0x00007f7edd2ea268 method=sun.misc.URLClassPath.getResource(Ljava/lang/String;Z)Lsun/misc/Resource; @ 62
Event: 5.907 Thread 0x00007f7eec00a000 Uncommon trap: reason=unstable_if action=reinterpret pc=0x00007f7edd5f3c0c method=java.util.regex.Pattern.range(Ljava/util/regex/Pattern$BitClass;)Ljava/util/regex/Pattern$CharProperty; @ 108
Event: 5.908 Thread 0x00007f7eec00a000 Uncommon trap: reason=bimorphic action=maybe_recompile pc=0x00007f7edd5f115c method=java.util.regex.Pattern$5.isSatisfiedBy(I)Z @ 5
Event: 5.908 Thread 0x00007f7eec00a000 Uncommon trap: reason=bimorphic action=maybe_recompile pc=0x00007f7edd95b054 method=java.util.regex.Pattern$5.isSatisfiedBy(I)Z @ 5
Event: 5.908 Thread 0x00007f7eec00a000 Uncommon trap: reason=bimorphic action=maybe_recompile pc=0x00007f7edd5f1144 method=java.util.regex.Pattern$5.isSatisfiedBy(I)Z @ 5
Event: 5.908 Thread 0x00007f7eec00a000 Uncommon trap: reason=bimorphic action=maybe_recompile pc=0x00007f7edd5f1144 method=java.util.regex.Pattern$5.isSatisfiedBy(I)Z @ 5
Event: 5.908 Thread 0x00007f7eec00a000 Uncommon trap: reason=bimorphic action=maybe_recompile pc=0x00007f7edd92dc70 method=java.util.regex.Pattern$5.isSatisfiedBy(I)Z @ 5
Event: 5.915 Thread 0x00007f7eec00a000 Uncommon trap: reason=bimorphic action=maybe_recompile pc=0x00007f7edd95b054 method=java.util.regex.Pattern$5.isSatisfiedBy(I)Z @ 5

Internal exceptions (10 events):
Event: 1.957 Thread 0x00007f7eec00a000 Implicit null exception at 0x00007f7edd391935 to 0x00007f7edd391b3d
Event: 1.957 Thread 0x00007f7eec00a000 Implicit null exception at 0x00007f7edd3089af to 0x00007f7edd308a19
Event: 2.125 Thread 0x00007f7eec00a000 Implicit null exception at 0x00007f7edd6e0041 to 0x00007f7edd6e0b65
Event: 2.925 Thread 0x00007f7eec00a000 Implicit null exception at 0x00007f7edd3ed43b to 0x00007f7edd3eda35
Event: 3.129 Thread 0x00007f7eec00a000 Exception <a 'java/lang/NoClassDefFoundError': org/slf4j/Logger> (0x00000000f0b92688) thrown at [/HUDSON3/workspace/8-2-build-linux-amd64/jdk8u144/9417/hotspot/src/share/vm/oops/constantPool.cpp, line 235]
Event: 3.724 Thread 0x00007f7eec00a000 Exception <a 'java/lang/NoClassDefFoundError': org/slf4j/Logger> (0x00000000f1bb6a50) thrown at [/HUDSON3/workspace/8-2-build-linux-amd64/jdk8u144/9417/hotspot/src/share/vm/oops/constantPool.cpp, line 235]
Event: 4.580 Thread 0x00007f7eec00a000 Exception <a 'java/lang/NoClassDefFoundError': org/slf4j/Logger> (0x00000000ec3f25f0) thrown at [/HUDSON3/workspace/8-2-build-linux-amd64/jdk8u144/9417/hotspot/src/share/vm/oops/constantPool.cpp, line 235]
Event: 4.636 Thread 0x00007f7eec00a000 Exception <a 'java/lang/ClassNotFoundException': com/sun/tools/javac/api/JavacTool> (0x00000000ec6ecb70) thrown at [/HUDSON3/workspace/8-2-build-linux-amd64/jdk8u144/9417/hotspot/src/share/vm/classfile/systemDictionary.cpp, line 210]
Event: 5.537 Thread 0x00007f7eec00a000 Exception <a 'java/io/FileNotFoundException'> (0x00000000ee0bfd50) thrown at [/HUDSON3/workspace/8-2-build-linux-amd64/jdk8u144/9417/hotspot/src/share/vm/prims/jni.cpp, line 709]
Event: 5.541 Thread 0x00007f7eec00a000 Exception <a 'java/io/FileNotFoundException'> (0x00000000ee0f4d80) thrown at [/HUDSON3/workspace/8-2-build-linux-amd64/jdk8u144/9417/hotspot/src/share/vm/prims/jni.cpp, line 709]

Events (10 events):
Event: 5.908 Thread 0x00007f7eec00a000 DEOPT PACKING pc=0x00007f7edd92dc70 sp=0x00007f7ef5d9b0b0
Event: 5.908 Thread 0x00007f7eec00a000 DEOPT UNPACKING pc=0x00007f7edd005229 sp=0x00007f7ef5d9afc0 mode 2
Event: 5.915 Thread 0x00007f7eec00a000 Uncommon trap: trap_request=0xffffffc6 fr.pc=0x00007f7edd95b054
Event: 5.915 Thread 0x00007f7eec00a000 DEOPT PACKING pc=0x00007f7edd95b054 sp=0x00007f7ef5d9b0a0
Event: 5.915 Thread 0x00007f7eec00a000 DEOPT UNPACKING pc=0x00007f7edd005229 sp=0x00007f7ef5d9afc0 mode 2
Event: 5.927 loading class java/util/Collections$EmptyEnumeration
Event: 5.927 loading class java/util/Collections$EmptyEnumeration done
Event: 5.928 loading class java/util/Vector$1
Event: 5.928 loading class java/util/Vector$1 done
Event: 5.945 Executing VM operation: CollectForMetadataAllocation


Dynamic libraries:
00400000-00401000 r-xp 00000000 08:01 407702                             /usr/lib/jvm/java-8-oracle/bin/java
00600000-00601000 rw-p 00000000 08:01 407702                             /usr/lib/jvm/java-8-oracle/bin/java
0181c000-0183d000 rw-p 00000000 00:00 0                                  [heap]
c2200000-c4b80000 rw-p 00000000 00:00 0 
c5c80000-eb600000 ---p 00000000 00:00 0 
eb600000-fa100000 rw-p 00000000 00:00 0 
fa100000-100000000 ---p 00000000 00:00 0 
100000000-10028c000 rw-p 00000000 00:00 0 
10028c000-140000000 ---p 00000000 00:00 0 
7f7eac000000-7f7eac021000 rw-p 00000000 00:00 0 
7f7eac021000-7f7eb0000000 ---p 00000000 00:00 0 
7f7eb4000000-7f7eb52bc000 rw-p 00000000 00:00 0 
7f7eb52bc000-7f7eb8000000 ---p 00000000 00:00 0 
7f7eb8000000-7f7eb8021000 rw-p 00000000 00:00 0 
7f7eb8021000-7f7ebc000000 ---p 00000000 00:00 0 
7f7ebc000000-7f7ebc021000 rw-p 00000000 00:00 0 
7f7ebc021000-7f7ec0000000 ---p 00000000 00:00 0 
7f7ec0000000-7f7ec1763000 rw-p 00000000 00:00 0 
7f7ec1763000-7f7ec4000000 ---p 00000000 00:00 0 
7f7ec4000000-7f7ec4021000 rw-p 00000000 00:00 0 
7f7ec4021000-7f7ec8000000 ---p 00000000 00:00 0 
7f7ec8000000-7f7ec8021000 rw-p 00000000 00:00 0 
7f7ec8021000-7f7ecc000000 ---p 00000000 00:00 0 
7f7ecc000000-7f7ecc296000 rw-p 00000000 00:00 0 
7f7ecc296000-7f7ed0000000 ---p 00000000 00:00 0 
7f7ed0000000-7f7ed003b000 rw-p 00000000 00:00 0 
7f7ed003b000-7f7ed4000000 ---p 00000000 00:00 0 
7f7ed64a2000-7f7ed64e2000 rw-p 00000000 00:00 0 
7f7ed64e2000-7f7ed66a2000 ---p 00000000 00:00 0 
7f7ed66a2000-7f7ed66b5000 r--s 00345000 08:01 409168                     /usr/lib/jvm/java-8-oracle/jre/lib/resources.jar
7f7ed68e3000-7f7ed68e4000 rw-p 00000000 00:00 0 
7f7ed68e4000-7f7ed68f8000 r--s 0013c000 08:01 1581524                    /home/vagrant/.m2/repository/org/projectlombok/lombok/1.16.6/lombok-1.16.6.jar
7f7ed68f8000-7f7ed6901000 r--s 00062000 08:01 1704001                    /home/vagrant/.m2/repository/org/springframework/spring-websocket/4.2.2.RELEASE/spring-websocket-4.2.2.RELEASE.jar
7f7ed6901000-7f7ed6902000 r--s 00000000 08:01 1452198                    /home/vagrant/.m2/repository/org/springframework/boot/spring-boot-starter-websocket/1.3.0.RELEASE/spring-boot-starter-websocket-1.3.0.RELEASE.jar
7f7ed6902000-7f7ed6912000 r--s 0008c000 08:01 1581571                    /home/vagrant/.m2/repository/org/springframework/data/spring-data-commons/1.11.0.RELEASE/spring-data-commons-1.11.0.RELEASE.jar
7f7ed6912000-7f7ed6919000 r--s 0003a000 08:01 1581569                    /home/vagrant/.m2/repository/org/springframework/spring-tx/4.2.2.RELEASE/spring-tx-4.2.2.RELEASE.jar
7f7ed6919000-7f7ed6928000 r--s 00091000 08:01 1582564                    /home/vagrant/.m2/repository/org/springframework/data/spring-data-mongodb/1.8.0.RELEASE/spring-data-mongodb-1.8.0.RELEASE.jar
7f7ed6928000-7f7ed6932000 r--s 0008a000 08:01 1576645                    /home/vagrant/.m2/repository/org/mongodb/mongo-java-driver/2.13.3/mongo-java-driver-2.13.3.jar
7f7ed6932000-7f7ed6933000 r--s 00000000 08:01 1451666                    /home/vagrant/.m2/repository/org/springframework/boot/spring-boot-starter-data-mongodb/1.3.0.RELEASE/spring-boot-starter-data-mongodb-1.3.0.RELEASE.jar
7f7ed6933000-7f7ed6934000 r--s 00005000 08:01 1573664                    /home/vagrant/.m2/repository/org/slf4j/log4j-over-slf4j/1.7.13/log4j-over-slf4j-1.7.13.jar
7f7ed6934000-7f7ed6936000 r--s 00000000 08:01 1573661                    /home/vagrant/.m2/repository/org/slf4j/jul-to-slf4j/1.7.13/jul-to-slf4j-1.7.13.jar
7f7ed6936000-7f7ed6941000 r--s 00065000 08:01 1573653                    /home/vagrant/.m2/repository/ch/qos/logback/logback-core/1.1.3/logback-core-1.1.3.jar
7f7ed6941000-7f7ed6947000 r--s 0003f000 08:01 1573649                    /home/vagrant/.m2/repository/ch/qos/logback/logback-classic/1.1.3/logback-classic-1.1.3.jar
7f7ed6947000-7f7ed6948000 r--s 00000000 08:01 1573648                    /home/vagrant/.m2/repository/org/springframework/boot/spring-boot-starter-logging/1.3.0.RELEASE/spring-boot-starter-logging-1.3.0.RELEASE.jar
7f7ed6948000-7f7ed694a000 r--s 0000e000 08:01 1582561                    /home/vagrant/.m2/repository/org/springframework/integration/spring-integration-amqp/4.2.0.RELEASE/spring-integration-amqp-4.2.0.RELEASE.jar
7f7ed694a000-7f7ed6954000 r--s 0005d000 08:01 1582583                    /home/vagrant/.m2/repository/com/rabbitmq/amqp-client/3.5.6/amqp-client-3.5.6.jar
7f7ed6954000-7f7ed6956000 r--s 0000a000 08:01 1582579                    /home/vagrant/.m2/repository/com/rabbitmq/http-client/1.0.0.RELEASE/http-client-1.0.0.RELEASE.jar
7f7ed6956000-7f7ed695a000 r--s 00017000 08:01 1582560                    /home/vagrant/.m2/repository/org/springframework/amqp/spring-amqp/1.5.2.RELEASE/spring-amqp-1.5.2.RELEASE.jar
7f7ed695a000-7f7ed6961000 r--s 00057000 08:01 1582556                    /home/vagrant/.m2/repository/org/springframework/amqp/spring-rabbit/1.5.2.RELEASE/spring-rabbit-1.5.2.RELEASE.jar
7f7ed6961000-7f7ed6962000 r--s 00000000 08:01 1582555                    /home/vagrant/.m2/repository/org/springframework/boot/spring-boot-starter-amqp/1.3.0.RELEASE/spring-boot-starter-amqp-1.3.0.RELEASE.jar
7f7ed6962000-7f7ed6964000 r--s 00000000 08:01 1582553                    /home/vagrant/.m2/repository/org/springframework/cloud/spring-cloud-stream-codec/1.0.0.M2/spring-cloud-stream-codec-1.0.0.M2.jar
7f7ed6964000-7f7ed6968000 r--s 00017000 08:01 1582540                    /home/vagrant/.m2/repository/org/springframework/retry/spring-retry/1.1.2.RELEASE/spring-retry-1.1.2.RELEASE.jar
7f7ed6968000-7f7ed696a000 r--s 00009000 08:01 1582550                    /home/vagrant/.m2/repository/org/springframework/cloud/spring-cloud-stream-binder-spi/1.0.0.M2/spring-cloud-stream-binder-spi-1.0.0.M2.jar
7f7ed696a000-7f7ed696c000 r--s 00009000 08:01 1582547                    /home/vagrant/.m2/repository/org/springframework/cloud/spring-cloud-stream-binder-rabbit/1.0.0.M2/spring-cloud-stream-binder-rabbit-1.0.0.M2.jar
7f7ed696c000-7f7ed6982000 r--s 000da000 08:01 1582567                    /home/vagrant/.m2/repository/org/springframework/integration/spring-integration-core/4.2.0.RELEASE/spring-integration-core-4.2.0.RELEASE.jar
7f7ed6982000-7f7ed6984000 r--s 00009000 08:01 1582577                    /home/vagrant/.m2/repository/org/objenesis/objenesis/2.1/objenesis-2.1.jar
7f7ed6984000-7f7ed6985000 r--s 00001000 08:01 1582575                    /home/vagrant/.m2/repository/com/esotericsoftware/minlog/1.3.0/minlog-1.3.0.jar
7f7ed6985000-7f7ed698c000 r--s 00051000 08:01 1582573                    /home/vagrant/.m2/repository/com/esotericsoftware/kryo-shaded/3.0.3/kryo-shaded-3.0.3.jar
7f7ed698c000-7f7ed698e000 r--s 00007000 08:01 1582539                    /home/vagrant/.m2/repository/org/springframework/cloud/spring-cloud-stream-tuple/1.0.0.M2/spring-cloud-stream-tuple-1.0.0.M2.jar
7f7ed698e000-7f7ed6998000 r--s 00052000 08:01 1582545                    /home/vagrant/.m2/repository/org/springframework/spring-messaging/4.2.2.RELEASE/spring-messaging-4.2.2.RELEASE.jar
7f7ed6998000-7f7ed699b000 r--s 00011000 08:01 1582541                    /home/vagrant/.m2/repository/org/springframework/cloud/spring-cloud-stream/1.0.0.M2/spring-cloud-stream-1.0.0.M2.jar
7f7ed699b000-7f7ed699d000 r--s 00006000 08:01 1582571                    /home/vagrant/.m2/repository/com/google/code/findbugs/jsr305/2.0.0/jsr305-2.0.0.jar
7f7ed699d000-7f7ed69c8000 r--s 001fc000 08:01 1573241                    /home/vagrant/.m2/repository/com/google/guava/guava/18.0/guava-18.0.jar
7f7ed69c8000-7f7ed69cc000 r--s 00010000 08:01 1582563                    /home/vagrant/.m2/repository/com/netflix/hystrix/hystrix-javanica/1.4.18/hystrix-javanica-1.4.18.jar
7f7ed69cc000-7f7ed69ce000 r--s 00003000 08:01 1582554                    /home/vagrant/.m2/repository/com/netflix/hystrix/hystrix-metrics-event-stream/1.4.18/hystrix-metrics-event-stream-1.4.18.jar
7f7ed69ce000-7f7ed69d6000 r--s 0003f000 08:01 1582314                    /home/vagrant/.m2/repository/com/netflix/hystrix/hystrix-core/1.4.18/hystrix-core-1.4.18.jar
7f7ed69d6000-7f7ed69d7000 r--s 00000000 08:01 1582535                    /home/vagrant/.m2/repository/org/springframework/cloud/spring-cloud-starter-hystrix/1.1.0.M2/spring-cloud-starter-hystrix-1.1.0.M2.jar
7f7ed69d7000-7f7ed69d9000 r--s 00005000 08:01 1450483                    /home/vagrant/.m2/repository/xpp3/xpp3_min/1.1.4c/xpp3_min-1.1.4c.jar
7f7ed69d9000-7f7ed69da000 r--s 00001000 08:01 1450479                    /home/vagrant/.m2/repository/xmlpull/xmlpull/1.1.3.1/xmlpull-1.1.3.1.jar
7f7ed69da000-7f7ed69e6000 r--s 0006a000 08:01 1582338                    /home/vagrant/.m2/repository/com/thoughtworks/xstream/xstream/1.4.2/xstream-1.4.2.jar
7f7ed69e6000-7f7ed69e7000 r--s 00005000 08:01 1582304                    /home/vagrant/.m2/repository/com/netflix/ribbon/ribbon-eureka/2.1.0/ribbon-eureka-2.1.0.jar
7f7ed69e7000-7f7ed69fa000 r--s 000b9000 08:01 1582327                    /home/vagrant/.m2/repository/io/reactivex/rxjava/1.0.14/rxjava-1.0.14.jar
7f7ed69fa000-7f7ed69fd000 r--s 00023000 08:01 1582263                    /home/vagrant/.m2/repository/com/netflix/ribbon/ribbon-loadbalancer/2.1.0/ribbon-loadbalancer-2.1.0.jar
7f7ed69fd000-7f7ed69ff000 r--s 0000c000 08:01 1582302                    /home/vagrant/.m2/repository/com/netflix/ribbon/ribbon-httpclient/2.1.0/ribbon-httpclient-2.1.0.jar
7f7ed69ff000-7f7ed6a03000 r--s 00011000 08:01 1582312                    /home/vagrant/.m2/repository/com/netflix/ribbon/ribbon-core/2.1.0/ribbon-core-2.1.0.jar
7f7ed6a03000-7f7ed6a06000 r--s 00013000 08:01 1582291                    /home/vagrant/.m2/repository/com/netflix/ribbon/ribbon/2.1.0/ribbon-2.1.0.jar
7f7ed6a06000-7f7ed6a07000 r--s 00000000 08:01 1582242                    /home/vagrant/.m2/repository/org/springframework/cloud/spring-cloud-starter-ribbon/1.1.0.M2/spring-cloud-starter-ribbon-1.1.0.M2.jar
7f7ed6a07000-7f7ed6a0e000 r--s 0003a000 08:01 1582283                    /home/vagrant/.m2/repository/commons-codec/commons-codec/1.9/commons-codec-1.9.jar
7f7ed6a0e000-7f7ed6a15000 r--s 00049000 08:01 1582264                    /home/vagrant/.m2/repository/org/apache/httpcomponents/httpcore/4.4.4/httpcore-4.4.4.jar
7f7ed6a15000-7f7ed6a22000 r--s 000a6000 08:01 1582301                    /home/vagrant/.m2/repository/org/apache/httpcomponents/httpclient/4.5.1/httpclient-4.5.1.jar
7f7ed6a22000-7f7ed6a28000 r--s 0003e000 08:01 1582330                    /home/vagrant/.m2/repository/com/netflix/eureka/eureka-client/1.2.5/eureka-client-1.2.5.jar
7f7ed6a28000-7f7ed6a2f000 r--s 0003a000 08:01 1582246                    /home/vagrant/.m2/repository/org/springframework/cloud/spring-cloud-netflix-core/1.1.0.M2/spring-cloud-netflix-core-1.1.0.M2.jar
7f7ed6a2f000-7f7ed6a32000 r--s 0000a000 08:01 1582243                    /home/vagrant/.m2/repository/org/springframework/cloud/spring-cloud-commons/1.1.0.M2/spring-cloud-commons-1.1.0.M2.jar
7f7ed6a32000-7f7ed6a34000 r--s 00009000 08:01 1451426                    /home/vagrant/.m2/repository/org/springframework/security/spring-security-crypto/4.0.2.RELEASE/spring-security-crypto-4.0.2.RELEASE.jar
7f7ed6a34000-7f7ed6a38000 r--s 00011000 08:01 1582241                    /home/vagrant/.m2/repository/org/springframework/cloud/spring-cloud-context/1.1.0.M2/spring-cloud-context-1.1.0.M2.jar
7f7ed6a38000-7f7ed6a39000 r--s 00000000 08:01 1582255                    /home/vagrant/.m2/repository/org/springframework/cloud/spring-cloud-starter/1.1.0.M2/spring-cloud-starter-1.1.0.M2.jar
7f7ed6a39000-7f7ed6a3a000 r--s 00000000 08:01 1582238                    /home/vagrant/.m2/repository/org/springframework/cloud/spring-cloud-starter-eureka/1.1.0.M2/spring-cloud-starter-eureka-1.1.0.M2.jar
7f7ed6a3a000-7f7ed6a3c000 r--s 00003000 08:01 1573660                    /home/vagrant/.m2/repository/org/slf4j/jcl-over-slf4j/1.7.13/jcl-over-slf4j-1.7.13.jar
7f7ed6a3c000-7f7ed6a3e000 r--s 00007000 08:01 1573737                    /home/vagrant/.m2/repository/org/slf4j/slf4j-api/1.7.13/slf4j-api-1.7.13.jar
7f7ed6a3e000-7f7ed6a3f000 r--s 00002000 08:01 1574344                    /home/vagrant/.m2/repository/com/github/fge/btf/1.2/btf-1.2.jar
7f7ed6a3f000-7f7ed6a41000 r--s 00008000 08:01 1574343                    /home/vagrant/.m2/repository/com/github/fge/msg-simple/1.1/msg-simple-1.1.jar
7f7ed6a41000-7f7ed6a43000 r--s 00006000 08:01 1574340                    /home/vagrant/.m2/repository/com/github/fge/jackson-coreutils/1.6/jackson-coreutils-1.6.jar
7f7ed6a43000-7f7ed6a45000 r--s 00009000 08:01 1451458                    /home/vagrant/.m2/repository/com/github/fge/json-patch/1.7/json-patch-1.7.jar
7f7ed6a45000-7f7ed6a47000 r--s 00002000 08:01 1451461                    /home/vagrant/.m2/repository/org/atteo/evo-inflector/1.2.1/evo-inflector-1.2.1.jar
7f7ed6a47000-7f7ed6a48000 r--s 00004000 08:01 1451459                    /home/vagrant/.m2/repository/org/springframework/plugin/spring-plugin-core/1.2.0.RELEASE/spring-plugin-core-1.2.0.RELEASE.jar
7f7ed6a48000-7f7ed6a4d000 r--s 00027000 08:01 1451455                    /home/vagrant/.m2/repository/org/springframework/hateoas/spring-hateoas/0.19.0.RELEASE/spring-hateoas-0.19.0.RELEASE.jar
7f7ed6a4d000-7f7ed6a51000 r--s 00017000 08:01 1581565                    /home/vagrant/.m2/repository/org/springframework/data/spring-data-rest-core/2.4.0.RELEASE/spring-data-rest-core-2.4.0.RELEASE.jar
7f7ed6a51000-7f7ed6a56000 r--s 00033000 08:01 1581567                    /home/vagrant/.m2/repository/org/springframework/data/spring-data-rest-webmvc/2.4.0.RELEASE/spring-data-rest-webmvc-2.4.0.RELEASE.jar
7f7ed6a56000-7f7ed6a58000 r--s 00058000 08:01 1581620                    /home/vagrant/.m2/repository/org/springframework/data/spring-data-rest-hal-browser/2.4.0.RELEASE/spring-data-rest-hal-browser-2.4.0.RELEASE.jar
7f7ed6a58000-7f7ed6a65000 r--s 00060000 08:01 1582565                    /home/vagrant/.m2/repository/org/springframework/boot/spring-boot-actuator/1.3.0.RELEASE/spring-boot-actuator-1.3.0.RELEASE.jar
7f7ed6a65000-7f7ed6a66000 r--s 00000000 08:01 1451856                    /home/vagrant/.m2/repository/org/springframework/boot/spring-boot-starter-actuator/1.3.0.RELEASE/spring-boot-starter-actuator-1.3.0.RELEASE.jar
7f7ed6a66000-7f7ed6a6b000 r--s 0003c000 08:01 1581511                    /home/vagrant/.m2/repository/org/springframework/spring-expression/4.2.2.RELEASE/spring-expression-4.2.2.RELEASE.jar
7f7ed6a6b000-7f7ed6a7c000 r--s 000c5000 08:01 1581520                    /home/vagrant/.m2/repository/org/springframework/spring-webmvc/4.2.2.RELEASE/spring-webmvc-4.2.2.RELEASE.jar
7f7ed6a7c000-7f7ed6a95000 r--s 000f1000 08:01 1451821                    /home/vagrant/.m2/repository/org/springframework/spring-context/4.2.2.RELEASE/spring-context-4.2.2.RELEASE.jar
7f7ed6a95000-7f7ed6aa3000 r--s 000a5000 08:01 1581516                    /home/vagrant/.m2/repository/org/springframework/spring-beans/4.2.2.RELEASE/spring-beans-4.2.2.RELEASE.jar
7f7ed6aa3000-7f7ed6aa5000 r--s 00000000 08:01 1573199                    /home/vagrant/.m2/repository/aopalliance/aopalliance/1.0/aopalliance-1.0.jar
7f7ed6aa5000-7f7ed6aae000 r--s 00051000 08:01 1581514                    /home/vagrant/.m2/repository/org/springframework/spring-aop/4.2.2.RELEASE/spring-aop-4.2.2.RELEASE.jar
7f7ed6aae000-7f7ed6abf000 r--s 000ab000 08:01 1581513                    /home/vagrant/.m2/repository/org/springframework/spring-web/4.2.2.RELEASE/spring-web-4.2.2.RELEASE.jar
7f7ed6abf000-7f7ed6ac3000 r--s 0003c000 08:01 1573679                    /home/vagrant/.m2/repository/com/fasterxml/jackson/core/jackson-core/2.6.3/jackson-core-2.6.3.jar
7f7ed6ac3000-7f7ed6ac6000 r--s 00009000 08:01 1573670                    /home/vagrant/.m2/repository/com/fasterxml/jackson/core/jackson-annotations/2.6.3/jackson-annotations-2.6.3.jar
7f7ed6ac6000-7f7ed6ad7000 r--s 0010d000 08:01 1573658                    /home/vagrant/.m2/repository/com/fasterxml/jackson/core/jackson-databind/2.6.3/jackson-databind-2.6.3.jar
7f7ed6ad7000-7f7ed6ad9000 r--s 0000e000 08:01 1573642                    /home/vagrant/.m2/repository/com/fasterxml/classmate/1.1.0/classmate-1.1.0.jar
7f7ed6ad9000-7f7ed6add000 r--s 0000c000 08:01 1451269                    /home/vagrant/.m2/repository/javax/validation/validation-api/1.1.0.Final/validation-api-1.1.0.Final.jar
7f7ed6add000-7f7ed6aee000 r--s 0009a000 08:01 1573641                    /home/vagrant/.m2/repository/org/hibernate/hibernate-validator/5.2.2.Final/hibernate-validator-5.2.2.Final.jar
7f7ed6aee000-7f7ed6af4000 r--s 00036000 08:01 1573669                    /home/vagrant/.m2/repository/org/apache/tomcat/embed/tomcat-embed-websocket/8.0.28/tomcat-embed-websocket-8.0.28.jar
7f7ed6af4000-7f7ed6cf4000 rw-p 00000000 00:00 0 
7f7ed6cf4000-7f7ed6ef4000 rw-p 00000000 00:00 0 
7f7ed6ef4000-7f7ed6f6e000 r--s 010f7000 08:01 407739                     /usr/lib/jvm/java-8-oracle/lib/tools.jar
7f7ed6f6e000-7f7ed716e000 rw-p 00000000 00:00 0 
7f7ed716e000-7f7ed736e000 rw-p 00000000 00:00 0 
7f7ed736e000-7f7ed756e000 rw-p 00000000 00:00 0 
7f7ed756e000-7f7ed756f000 ---p 00000000 00:00 0 
7f7ed756f000-7f7ed766f000 rw-p 00000000 00:00 0                          [stack:12925]
7f7ed766f000-7f7ed7672000 ---p 00000000 00:00 0 
7f7ed7672000-7f7ed7770000 rw-p 00000000 00:00 0                          [stack:12924]
7f7ed7770000-7f7ed7773000 ---p 00000000 00:00 0 
7f7ed7773000-7f7ed7871000 rw-p 00000000 00:00 0                          [stack:12923]
7f7ed7871000-7f7ed7874000 ---p 00000000 00:00 0 
7f7ed7874000-7f7ed7972000 rw-p 00000000 00:00 0                          [stack:12922]
7f7ed7972000-7f7ed7975000 ---p 00000000 00:00 0 
7f7ed7975000-7f7ed7a73000 rw-p 00000000 00:00 0                          [stack:12921]
7f7ed7a73000-7f7ed7bfc000 r--p 00000000 08:01 3679                       /usr/lib/locale/locale-archive
7f7ed7bfc000-7f7ed7bff000 ---p 00000000 00:00 0 
7f7ed7bff000-7f7ed7cfd000 rw-p 00000000 00:00 0                          [stack:12920]
7f7ed7cfd000-7f7ed7d00000 ---p 00000000 00:00 0 
7f7ed7d00000-7f7ed7dfe000 rw-p 00000000 00:00 0                          [stack:12919]
7f7ed7dfe000-7f7ed7dff000 ---p 00000000 00:00 0 
7f7ed7dff000-7f7ed8000000 rw-p 00000000 00:00 0                          [stack:12918]
7f7ed8000000-7f7ed8021000 rw-p 00000000 00:00 0 
7f7ed8021000-7f7edc000000 ---p 00000000 00:00 0 
7f7edc000000-7f7edc002000 r--s 0000f000 08:01 1451271                    /home/vagrant/.m2/repository/org/jboss/logging/jboss-logging/3.3.0.Final/jboss-logging-3.3.0.Final.jar
7f7edc002000-7f7edc003000 r--s 00000000 08:01 1573672                    /home/vagrant/.m2/repository/org/springframework/boot/spring-boot-starter-validation/1.3.0.RELEASE/spring-boot-starter-validation-1.3.0.RELEASE.jar
7f7edc003000-7f7edc004000 r--s 00009000 08:01 1573638                    /home/vagrant/.m2/repository/org/apache/tomcat/embed/tomcat-embed-logging-juli/8.0.28/tomcat-embed-logging-juli-8.0.28.jar
7f7edc004000-7f7edc009000 r--s 00036000 08:01 1573676                    /home/vagrant/.m2/repository/org/apache/tomcat/embed/tomcat-embed-el/8.0.28/tomcat-embed-el-8.0.28.jar
7f7edc009000-7f7edc02e000 r--s 0028c000 08:01 1573636                    /home/vagrant/.m2/repository/org/apache/tomcat/embed/tomcat-embed-core/8.0.28/tomcat-embed-core-8.0.28.jar
7f7edc02e000-7f7edc02f000 r--s 00000000 08:01 1451392                    /home/vagrant/.m2/repository/org/springframework/boot/spring-boot-starter-tomcat/1.3.0.RELEASE/spring-boot-starter-tomcat-1.3.0.RELEASE.jar
7f7edc02f000-7f7edc044000 r--s 000f2000 08:01 1573740                    /home/vagrant/.m2/repository/org/springframework/spring-core/4.2.3.RELEASE/spring-core-4.2.3.RELEASE.jar
7f7edc044000-7f7edc05b000 r--s 0009e000 08:01 1573645                    /home/vagrant/.m2/repository/org/springframework/boot/spring-boot-autoconfigure/1.3.0.RELEASE/spring-boot-autoconfigure-1.3.0.RELEASE.jar
7f7edc05b000-7f7edc068000 r--s 00076000 08:01 1573652                    /home/vagrant/.m2/repository/org/springframework/boot/spring-boot/1.3.0.RELEASE/spring-boot-1.3.0.RELEASE.jar
7f7edc068000-7f7edc069000 r--s 00000000 08:01 1573705                    /home/vagrant/.m2/repository/org/springframework/boot/spring-boot-starter/1.3.0.RELEASE/spring-boot-starter-1.3.0.RELEASE.jar
7f7edc069000-7f7edc06a000 r--s 00000000 08:01 1573635                    /home/vagrant/.m2/repository/org/springframework/boot/spring-boot-starter-web/1.3.0.RELEASE/spring-boot-starter-web-1.3.0.RELEASE.jar
7f7edc06a000-7f7edc06d000 r--s 0001b000 08:01 1449233                    /home/vagrant/.m2/repository/junit/junit/3.8.2/junit-3.8.2.jar
7f7edc06d000-7f7edc07b000 r--s 0008f000 08:01 1449232                    /home/vagrant/.m2/repository/com/google/collections/google-collections/1.0/google-collections-1.0.jar
7f7edc07b000-7f7edc07c000 r--s 0000a000 08:01 1449230                    /home/vagrant/.m2/repository/commons-logging/commons-logging-api/1.1/commons-logging-api-1.1.jar
7f7edc07c000-7f7edc083000 r--s 00051000 08:01 1449228                    /home/vagrant/.m2/repository/log4j/log4j/1.2.12/log4j-1.2.12.jar
7f7edc083000-7f7edc087000 r--s 0001d000 08:01 1449227                    /home/vagrant/.m2/repository/org/apache/xbean/xbean-reflect/3.4/xbean-reflect-3.4.jar
7f7edc087000-7f7edc088000 r--s 00004000 08:01 1449221                    /home/vagrant/.m2/repository/org/codehaus/plexus/plexus-compiler-javac/2.2/plexus-compiler-javac-2.2.jar
7f7edc088000-7f7edc08a000 r--s 00000000 08:01 1449220                    /home/vagrant/.m2/repository/org/codehaus/plexus/plexus-compiler-manager/2.2/plexus-compiler-manager-2.2.jar
7f7edc08a000-7f7edc08c000 r--s 00005000 08:01 1449218                    /home/vagrant/.m2/repository/org/codehaus/plexus/plexus-compiler-api/2.2/plexus-compiler-api-2.2.jar
7f7edc08c000-7f7edc08e000 r--s 00000000 08:01 1449213                    /home/vagrant/.m2/repository/org/codehaus/plexus/plexus-component-annotations/1.5.5/plexus-component-annotations-1.5.5.jar
7f7edc08e000-7f7edc090000 r--s 00002000 08:01 1449211                    /home/vagrant/.m2/repository/org/apache/maven/shared/maven-shared-incremental/1.1/maven-shared-incremental-1.1.jar
7f7edc090000-7f7edc092000 r--s 00006000 08:01 1449212                    /home/vagrant/.m2/repository/com/google/code/findbugs/jsr305/2.0.1/jsr305-2.0.1.jar
7f7edc092000-7f7edc095000 r--s 00023000 08:01 1449210                    /home/vagrant/.m2/repository/org/apache/maven/shared/maven-shared-utils/0.1/maven-shared-utils-0.1.jar
7f7edc095000-7f7edc099000 r--s 00030000 08:01 1449180                    /home/vagrant/.m2/repository/org/codehaus/plexus/plexus-utils/1.5.1/plexus-utils-1.5.1.jar
7f7edc099000-7f7edc09b000 r--s 00009000 08:01 1448843                    /home/vagrant/.m2/repository/org/apache/maven/plugins/maven-compiler-plugin/3.1/maven-compiler-plugin-3.1.jar
7f7edc09b000-7f7edc09d000 r--s 0000d000 08:01 1448767                    /home/vagrant/.m2/repository/org/codehaus/plexus/plexus-interpolation/1.13/plexus-interpolation-1.13.jar
7f7edc09d000-7f7edc09e000 r--s 00001000 08:01 1448762                    /home/vagrant/.m2/repository/org/sonatype/plexus/plexus-build-api/0.0.4/plexus-build-api-0.0.4.jar
7f7edc09e000-7f7edc0a0000 r--s 00009000 08:01 1448761                    /home/vagrant/.m2/repository/org/apache/maven/shared/maven-filtering/1.1/maven-filtering-1.1.jar
7f7edc0a0000-7f7edc0a4000 r--s 00033000 08:01 1448758                    /home/vagrant/.m2/repository/org/codehaus/plexus/plexus-utils/2.0.5/plexus-utils-2.0.5.jar
7f7edc0a4000-7f7edc0a7000 r--s 0001b000 08:01 1448756                    /home/vagrant/.m2/repository/junit/junit/3.8.1/junit-3.8.1.jar
7f7edc0a7000-7f7edc0a9000 r--s 00002000 08:01 1448719                    /home/vagrant/.m2/repository/org/codehaus/plexus/plexus-interactivity-api/1.0-alpha-4/plexus-interactivity-api-1.0-alpha-4.jar
7f7edc0a9000-7f7edc0ab000 r--s 00006000 08:01 1448742                    /home/vagrant/.m2/repository/commons-cli/commons-cli/1.0/commons-cli-1.0.jar
7f7edc0ab000-7f7edc0ac000 r--s 00001000 08:01 1448734                    /home/vagrant/.m2/repository/org/apache/maven/doxia/doxia-sink-api/1.0-alpha-7/doxia-sink-api-1.0-alpha-7.jar
7f7edc0ac000-7f7edc0ad000 r--s 00002000 08:01 1448730                    /home/vagrant/.m2/repository/org/apache/maven/reporting/maven-reporting-api/2.0.6/maven-reporting-api-2.0.6.jar
7f7edc0ad000-7f7edc0af000 r--s 00006000 08:01 1448508                    /home/vagrant/.m2/repository/org/apache/maven/plugins/maven-resources-plugin/2.6/maven-resources-plugin-2.6.jar
7f7edc0af000-7f7edc0b3000 r--s 00034000 08:01 1448489                    /home/vagrant/.m2/repository/org/codehaus/plexus/plexus-utils/3.0/plexus-utils-3.0.jar
7f7edc0b3000-7f7edc0b5000 r--s 00005000 08:01 1448447                    /home/vagrant/.m2/repository/org/apache/maven/plugins/maven-clean-plugin/2.5/maven-clean-plugin-2.5.jar
7f7edc0b5000-7f7edc0ba000 r--s 0009a000 08:01 409050                     /usr/lib/jvm/java-8-oracle/jre/lib/jsse.jar
7f7edc0ba000-7f7edc0bc000 r--s 00025000 08:01 68083                      /usr/share/java/maven3-model-3.0.5.jar
7f7edc0bc000-7f7edc0be000 r--s 00007000 08:01 68089                      /usr/share/java/maven3-settings-builder-3.0.5.jar
7f7edc0be000-7f7edc0e7000 r--s 001e9000 08:01 67588                      /usr/share/java/guava.jar
7f7edc0e7000-7f7edc0e9000 r--s 0000a000 08:01 68088                      /usr/share/java/maven3-artifact-3.0.5.jar
7f7edc0e9000-7f7edc0f5000 r--s 00082000 08:01 67205                      /usr/share/java/sisu-guice.jar
7f7edc0f5000-7f7edc0f7000 r--s 00009000 08:01 68086                      /usr/share/java/maven3-settings-3.0.5.jar
7f7edc0f7000-7f7edc0f9000 r--s 00000000 08:01 68058                      /usr/share/java/plexus-component-annotations-1.5-1.5.5.jar
7f7edc0f9000-7f7edd000000 rw-p 00000000 00:00 0 
7f7edd000000-7f7eddb60000 rwxp 00000000 00:00 0 
7f7eddb60000-7f7eec000000 ---p 00000000 00:00 0 
7f7eec000000-7f7eed11b000 rw-p 00000000 00:00 0 
7f7eed11b000-7f7ef0000000 ---p 00000000 00:00 0 
7f7ef0000000-7f7ef0001000 r--s 00001000 08:01 67902                      /usr/share/java/wagon-file-2.x.jar
7f7ef0001000-7f7ef0004000 r--s 00013000 08:01 656299                     /usr/share/maven-repo/org/sonatype/aether/aether-api/1.13.1/aether-api-1.13.1.jar
7f7ef0004000-7f7ef0009000 r--s 00044000 08:01 67835                      /usr/share/java/commons-httpclient-3.1.jar
7f7ef0009000-7f7ef000b000 r--s 00006000 08:01 656317                     /usr/share/maven-repo/org/sonatype/aether/aether-connector-wagon/1.13.1/aether-connector-wagon-1.13.1.jar
7f7ef000b000-7f7ef000f000 r--s 0001c000 08:01 656282                     /usr/share/maven-repo/org/sonatype/aether/aether-util/1.13.1/aether-util-1.13.1.jar
7f7ef000f000-7f7ef0011000 r--s 0000a000 08:01 67898                      /usr/share/java/wagon-provider-api-2.x.jar
7f7ef0011000-7f7ef0013000 r--s 0000b000 08:01 68082                      /usr/share/java/maven3-aether-provider-3.0.5.jar
7f7ef0013000-7f7ef0015000 r--s 00002000 08:01 67823                      /usr/share/java/plexus-cipher.jar
7f7ef0015000-7f7ef001b000 r--s 0003e000 08:01 68090                      /usr/share/java/maven3-compat-3.0.5.jar
7f7ef001b000-7f7ef001d000 r--s 00005000 08:01 68087                      /usr/share/java/maven3-repository-metadata-3.0.5.jar
7f7ef001d000-7f7ef0021000 r--s 00033000 08:01 68043                      /usr/share/java/plexus-utils2-2.0.5.jar
7f7ef0021000-7f7ef003d000 r--s 00110000 08:01 67961                      /usr/share/java/wagon-http-shaded-2.x.jar
7f7ef003d000-7f7ef0044000 r--s 00040000 08:01 67284                      /usr/share/java/sisu-inject-bean.jar
7f7ef0044000-7f7ef004a000 r--s 0002c000 08:01 67235                      /usr/share/java/sisu-inject-plexus.jar
7f7ef004a000-7f7ef004c000 r--s 0000e000 08:01 67660                      /usr/share/java/plexus-interpolation.jar
7f7ef004c000-7f7ef004f000 r--s 0001d000 08:01 656311                     /usr/share/maven-repo/org/sonatype/aether/aether-impl/1.13.1/aether-impl-1.13.1.jar
7f7ef004f000-7f7ef0053000 r--s 00020000 08:01 68092                      /usr/share/java/maven3-model-builder-3.0.5.jar
7f7ef0053000-7f7ef0055000 r--s 00007000 08:01 67567                      /usr/share/java/commons-cli-1.2.jar
7f7ef0055000-7f7ef0061000 r--s 0007c000 08:01 68084                      /usr/share/java/maven3-core-3.0.5.jar
7f7ef0061000-7f7ef0068000 r--s 0003b000 08:01 67628                      /usr/share/java/commons-codec-1.9.jar
7f7ef0068000-7f7ef0069000 r--s 00006000 08:01 67829                      /usr/share/java/plexus-sec-dispatcher.jar
7f7ef0069000-7f7ef01cd000 rw-p 00000000 00:00 0 
7f7ef01cd000-7f7ef03a7000 r--s 03d4d000 08:01 409150                     /usr/lib/jvm/java-8-oracle/jre/lib/rt.jar
7f7ef03a7000-7f7ef24fc000 rw-p 00000000 00:00 0 
7f7ef24fc000-7f7ef24fd000 ---p 00000000 00:00 0 
7f7ef24fd000-7f7ef25fd000 rw-p 00000000 00:00 0                          [stack:12917]
7f7ef25fd000-7f7ef25fe000 ---p 00000000 00:00 0 
7f7ef25fe000-7f7ef2713000 rw-p 00000000 00:00 0                          [stack:12916]
7f7ef2713000-7f7ef2848000 ---p 00000000 00:00 0 
7f7ef2848000-7f7ef285d000 rw-p 00000000 00:00 0 
7f7ef285d000-7f7ef2992000 ---p 00000000 00:00 0 
7f7ef2992000-7f7ef2a08000 rw-p 00000000 00:00 0 
7f7ef2a08000-7f7ef2a37000 ---p 00000000 00:00 0 
7f7ef2a37000-7f7ef2a66000 rw-p 00000000 00:00 0 
7f7ef2a66000-7f7ef2df8000 ---p 00000000 00:00 0 
7f7ef2df8000-7f7ef2e12000 r-xp 00000000 08:01 409322                     /usr/lib/jvm/java-8-oracle/jre/lib/amd64/libzip.so
7f7ef2e12000-7f7ef3012000 ---p 0001a000 08:01 409322                     /usr/lib/jvm/java-8-oracle/jre/lib/amd64/libzip.so
7f7ef3012000-7f7ef3013000 rw-p 0001a000 08:01 409322                     /usr/lib/jvm/java-8-oracle/jre/lib/amd64/libzip.so
7f7ef3013000-7f7ef301d000 r-xp 00000000 08:01 2092                       /lib/x86_64-linux-gnu/libnss_files-2.19.so
7f7ef301d000-7f7ef321c000 ---p 0000a000 08:01 2092                       /lib/x86_64-linux-gnu/libnss_files-2.19.so
7f7ef321c000-7f7ef321d000 r--p 00009000 08:01 2092                       /lib/x86_64-linux-gnu/libnss_files-2.19.so
7f7ef321d000-7f7ef321e000 rw-p 0000a000 08:01 2092                       /lib/x86_64-linux-gnu/libnss_files-2.19.so
7f7ef321e000-7f7ef3229000 r-xp 00000000 08:01 2108                       /lib/x86_64-linux-gnu/libnss_nis-2.19.so
7f7ef3229000-7f7ef3428000 ---p 0000b000 08:01 2108                       /lib/x86_64-linux-gnu/libnss_nis-2.19.so
7f7ef3428000-7f7ef3429000 r--p 0000a000 08:01 2108                       /lib/x86_64-linux-gnu/libnss_nis-2.19.so
7f7ef3429000-7f7ef342a000 rw-p 0000b000 08:01 2108                       /lib/x86_64-linux-gnu/libnss_nis-2.19.so
7f7ef342a000-7f7ef3441000 r-xp 00000000 08:01 2215                       /lib/x86_64-linux-gnu/libnsl-2.19.so
7f7ef3441000-7f7ef3640000 ---p 00017000 08:01 2215                       /lib/x86_64-linux-gnu/libnsl-2.19.so
7f7ef3640000-7f7ef3641000 r--p 00016000 08:01 2215                       /lib/x86_64-linux-gnu/libnsl-2.19.so
7f7ef3641000-7f7ef3642000 rw-p 00017000 08:01 2215                       /lib/x86_64-linux-gnu/libnsl-2.19.so
7f7ef3642000-7f7ef3644000 rw-p 00000000 00:00 0 
7f7ef3644000-7f7ef364d000 r-xp 00000000 08:01 2202                       /lib/x86_64-linux-gnu/libnss_compat-2.19.so
7f7ef364d000-7f7ef384c000 ---p 00009000 08:01 2202                       /lib/x86_64-linux-gnu/libnss_compat-2.19.so
7f7ef384c000-7f7ef384d000 r--p 00008000 08:01 2202                       /lib/x86_64-linux-gnu/libnss_compat-2.19.so
7f7ef384d000-7f7ef384e000 rw-p 00009000 08:01 2202                       /lib/x86_64-linux-gnu/libnss_compat-2.19.so
7f7ef384e000-7f7ef3879000 r-xp 00000000 08:01 409297                     /usr/lib/jvm/java-8-oracle/jre/lib/amd64/libjava.so
7f7ef3879000-7f7ef3a78000 ---p 0002b000 08:01 409297                     /usr/lib/jvm/java-8-oracle/jre/lib/amd64/libjava.so
7f7ef3a78000-7f7ef3a7a000 rw-p 0002a000 08:01 409297                     /usr/lib/jvm/java-8-oracle/jre/lib/amd64/libjava.so
7f7ef3a7a000-7f7ef3a87000 r-xp 00000000 08:01 409332                     /usr/lib/jvm/java-8-oracle/jre/lib/amd64/libverify.so
7f7ef3a87000-7f7ef3c87000 ---p 0000d000 08:01 409332                     /usr/lib/jvm/java-8-oracle/jre/lib/amd64/libverify.so
7f7ef3c87000-7f7ef3c89000 rw-p 0000d000 08:01 409332                     /usr/lib/jvm/java-8-oracle/jre/lib/amd64/libverify.so
7f7ef3c89000-7f7ef3c90000 r-xp 00000000 08:01 2099                       /lib/x86_64-linux-gnu/librt-2.19.so
7f7ef3c90000-7f7ef3e8f000 ---p 00007000 08:01 2099                       /lib/x86_64-linux-gnu/librt-2.19.so
7f7ef3e8f000-7f7ef3e90000 r--p 00006000 08:01 2099                       /lib/x86_64-linux-gnu/librt-2.19.so
7f7ef3e90000-7f7ef3e91000 rw-p 00007000 08:01 2099                       /lib/x86_64-linux-gnu/librt-2.19.so
7f7ef3e91000-7f7ef3f96000 r-xp 00000000 08:01 2175                       /lib/x86_64-linux-gnu/libm-2.19.so
7f7ef3f96000-7f7ef4195000 ---p 00105000 08:01 2175                       /lib/x86_64-linux-gnu/libm-2.19.so
7f7ef4195000-7f7ef4196000 r--p 00104000 08:01 2175                       /lib/x86_64-linux-gnu/libm-2.19.so
7f7ef4196000-7f7ef4197000 rw-p 00105000 08:01 2175                       /lib/x86_64-linux-gnu/libm-2.19.so
7f7ef4197000-7f7ef4e6a000 r-xp 00000000 08:01 409344                     /usr/lib/jvm/java-8-oracle/jre/lib/amd64/server/libjvm.so
7f7ef4e6a000-7f7ef5069000 ---p 00cd3000 08:01 409344                     /usr/lib/jvm/java-8-oracle/jre/lib/amd64/server/libjvm.so
7f7ef5069000-7f7ef5143000 rw-p 00cd2000 08:01 409344                     /usr/lib/jvm/java-8-oracle/jre/lib/amd64/server/libjvm.so
7f7ef5143000-7f7ef518e000 rw-p 00000000 00:00 0 
7f7ef518e000-7f7ef534c000 r-xp 00000000 08:01 2199                       /lib/x86_64-linux-gnu/libc-2.19.so
7f7ef534c000-7f7ef554c000 ---p 001be000 08:01 2199                       /lib/x86_64-linux-gnu/libc-2.19.so
7f7ef554c000-7f7ef5550000 r--p 001be000 08:01 2199                       /lib/x86_64-linux-gnu/libc-2.19.so
7f7ef5550000-7f7ef5552000 rw-p 001c2000 08:01 2199                       /lib/x86_64-linux-gnu/libc-2.19.so
7f7ef5552000-7f7ef5557000 rw-p 00000000 00:00 0 
7f7ef5557000-7f7ef555a000 r-xp 00000000 08:01 2046                       /lib/x86_64-linux-gnu/libdl-2.19.so
7f7ef555a000-7f7ef5759000 ---p 00003000 08:01 2046                       /lib/x86_64-linux-gnu/libdl-2.19.so
7f7ef5759000-7f7ef575a000 r--p 00002000 08:01 2046                       /lib/x86_64-linux-gnu/libdl-2.19.so
7f7ef575a000-7f7ef575b000 rw-p 00003000 08:01 2046                       /lib/x86_64-linux-gnu/libdl-2.19.so
7f7ef575b000-7f7ef5770000 r-xp 00000000 08:01 408993                     /usr/lib/jvm/java-8-oracle/lib/amd64/jli/libjli.so
7f7ef5770000-7f7ef5970000 ---p 00015000 08:01 408993                     /usr/lib/jvm/java-8-oracle/lib/amd64/jli/libjli.so
7f7ef5970000-7f7ef5971000 rw-p 00015000 08:01 408993                     /usr/lib/jvm/java-8-oracle/lib/amd64/jli/libjli.so
7f7ef5971000-7f7ef598a000 r-xp 00000000 08:01 2100                       /lib/x86_64-linux-gnu/libpthread-2.19.so
7f7ef598a000-7f7ef5b89000 ---p 00019000 08:01 2100                       /lib/x86_64-linux-gnu/libpthread-2.19.so
7f7ef5b89000-7f7ef5b8a000 r--p 00018000 08:01 2100                       /lib/x86_64-linux-gnu/libpthread-2.19.so
7f7ef5b8a000-7f7ef5b8b000 rw-p 00019000 08:01 2100                       /lib/x86_64-linux-gnu/libpthread-2.19.so
7f7ef5b8b000-7f7ef5b8f000 rw-p 00000000 00:00 0 
7f7ef5b8f000-7f7ef5bb2000 r-xp 00000000 08:01 2182                       /lib/x86_64-linux-gnu/ld-2.19.so
7f7ef5bb2000-7f7ef5bb4000 r--s 00008000 08:01 68085                      /usr/share/java/maven3-embedder-3.0.5.jar
7f7ef5bb4000-7f7ef5bb5000 r--s 0000d000 08:01 67364                      /usr/share/java/commons-logging-1.1.3.jar
7f7ef5bb5000-7f7ef5bb7000 r--s 00009000 08:01 68091                      /usr/share/java/maven3-plugin-api-3.0.5.jar
7f7ef5bb7000-7f7ef5bb8000 r--s 00003000 08:01 656294                     /usr/share/maven-repo/org/sonatype/aether/aether-spi/1.13.1/aether-spi-1.13.1.jar
7f7ef5bb8000-7f7ef5c9e000 rw-p 00000000 00:00 0 
7f7ef5c9e000-7f7ef5ca1000 ---p 00000000 00:00 0 
7f7ef5ca1000-7f7ef5da3000 rw-p 00000000 00:00 0                          [stack:12915]
7f7ef5da3000-7f7ef5da5000 r--s 0000a000 08:01 67535                      /usr/share/java/plexus-classworlds2-2.5.1.jar
7f7ef5da5000-7f7ef5dad000 rw-s 00000000 08:01 664628                     /tmp/hsperfdata_vagrant/12904
7f7ef5dad000-7f7ef5dae000 rw-p 00000000 00:00 0 
7f7ef5dae000-7f7ef5daf000 ---p 00000000 00:00 0 
7f7ef5daf000-7f7ef5db1000 rw-p 00000000 00:00 0 
7f7ef5db1000-7f7ef5db2000 r--p 00022000 08:01 2182                       /lib/x86_64-linux-gnu/ld-2.19.so
7f7ef5db2000-7f7ef5db3000 rw-p 00023000 08:01 2182                       /lib/x86_64-linux-gnu/ld-2.19.so
7f7ef5db3000-7f7ef5db4000 rw-p 00000000 00:00 0 
7ffdb0145000-7ffdb0166000 rw-p 00000000 00:00 0                          [stack]
7ffdb01db000-7ffdb01dd000 r-xp 00000000 00:00 0                          [vdso]
ffffffffff600000-ffffffffff601000 r-xp 00000000 00:00 0                  [vsyscall]

VM Arguments:
jvm_args: -Dclassworlds.conf=/usr/share/maven/bin/m2.conf -Dmaven.home=/usr/share/maven 
java_command: org.codehaus.plexus.classworlds.launcher.Launcher clean install
java_class_path (initial): /usr/share/maven/boot/plexus-classworlds-2.x.jar
Launcher Type: SUN_STANDARD

Environment Variables:
JAVA_HOME=/usr/lib/jvm/java-8-oracle
PATH=/usr/local/sbin:/usr/local/bin:/usr/sbin:/usr/bin:/sbin:/bin:/usr/games:/usr/local/games:/usr/lib/jvm/java-8-oracle/bin:/usr/lib/jvm/java-8-oracle/db/bin:/usr/lib/jvm/java-8-oracle/jre/bin
SHELL=/bin/zsh
DISPLAY=:0.0

Signal Handlers:
SIGSEGV: [libjvm.so+0xacba10], sa_mask[0]=11111111011111111101111111111110, sa_flags=SA_RESTART|SA_SIGINFO
SIGBUS: [libjvm.so+0xacba10], sa_mask[0]=11111111011111111101111111111110, sa_flags=SA_RESTART|SA_SIGINFO
SIGFPE: [libjvm.so+0x924ba0], sa_mask[0]=11111111011111111101111111111110, sa_flags=SA_RESTART|SA_SIGINFO
SIGPIPE: [libjvm.so+0x924ba0], sa_mask[0]=11111111011111111101111111111110, sa_flags=SA_RESTART|SA_SIGINFO
SIGXFSZ: [libjvm.so+0x924ba0], sa_mask[0]=11111111011111111101111111111110, sa_flags=SA_RESTART|SA_SIGINFO
SIGILL: [libjvm.so+0x924ba0], sa_mask[0]=11111111011111111101111111111110, sa_flags=SA_RESTART|SA_SIGINFO
SIGUSR1: SIG_DFL, sa_mask[0]=00000000000000000000000000000000, sa_flags=none
SIGUSR2: [libjvm.so+0x9263e0], sa_mask[0]=00000000000000000000000000000000, sa_flags=SA_RESTART|SA_SIGINFO
SIGHUP: [libjvm.so+0x9277e0], sa_mask[0]=11111111011111111101111111111110, sa_flags=SA_RESTART|SA_SIGINFO
SIGINT: [libjvm.so+0x9277e0], sa_mask[0]=11111111011111111101111111111110, sa_flags=SA_RESTART|SA_SIGINFO
SIGTERM: [libjvm.so+0x9277e0], sa_mask[0]=11111111011111111101111111111110, sa_flags=SA_RESTART|SA_SIGINFO
SIGQUIT: [libjvm.so+0x9277e0], sa_mask[0]=11111111011111111101111111111110, sa_flags=SA_RESTART|SA_SIGINFO


---------------  S Y S T E M  ---------------

OS:DISTRIB_ID=Ubuntu
DISTRIB_RELEASE=14.04
DISTRIB_CODENAME=trusty
DISTRIB_DESCRIPTION="Ubuntu 14.04.5 LTS"

uname:Linux 3.13.0-125-generic #174-Ubuntu SMP Mon Jul 10 18:51:24 UTC 2017 x86_64
libc:glibc 2.19 NPTL 2.19 
rlimit: STACK 8192k, CORE 0k, NPROC 31455, NOFILE 4096, AS infinity
load average:0.46 0.66 0.73

/proc/meminfo:
MemTotal:        4048176 kB
MemFree:           87816 kB
Buffers:             556 kB
Cached:            40704 kB
SwapCached:            0 kB
Active:          3799100 kB
Inactive:          40520 kB
Active(anon):    3798864 kB
Inactive(anon):     9840 kB
Active(file):        236 kB
Inactive(file):    30680 kB
Unevictable:           4 kB
Mlocked:               4 kB
SwapTotal:             0 kB
SwapFree:              0 kB
Dirty:                44 kB
Writeback:             0 kB
AnonPages:       3798464 kB
Mapped:            15004 kB
Shmem:             10184 kB
Slab:              44508 kB
SReclaimable:      21248 kB
SUnreclaim:        23260 kB
KernelStack:        4664 kB
PageTables:        28312 kB
NFS_Unstable:          0 kB
Bounce:                0 kB
WritebackTmp:          0 kB
CommitLimit:     2024088 kB
Committed_AS:    6397048 kB
VmallocTotal:   34359738367 kB
VmallocUsed:       14168 kB
VmallocChunk:   34359718556 kB
HardwareCorrupted:     0 kB
AnonHugePages:   2385920 kB
HugePages_Total:       0
HugePages_Free:        0
HugePages_Rsvd:        0
HugePages_Surp:        0
Hugepagesize:       2048 kB
DirectMap4k:       57280 kB
DirectMap2M:     4136960 kB


CPU:total 2 (initial active 2) (2 cores per cpu, 1 threads per core) family 6 model 70 stepping 1, cmov, cx8, fxsr, mmx, sse, sse2, sse3, ssse3, sse4.1, sse4.2, popcnt, avx, aes, clmul, lzcnt, tsc, tscinvbit

/proc/cpuinfo:
processor	: 0
vendor_id	: GenuineIntel
cpu family	: 6
model		: 70
model name	: Intel(R) Core(TM) i7-4770HQ CPU @ 2.20GHz
stepping	: 1
cpu MHz		: 2194.912
cache size	: 6144 KB
physical id	: 0
siblings	: 2
core id		: 0
cpu cores	: 2
apicid		: 0
initial apicid	: 0
fpu		: yes
fpu_exception	: yes
cpuid level	: 13
wp		: yes
flags		: fpu vme de pse tsc msr pae mce cx8 apic sep mtrr pge mca cmov pat pse36 clflush mmx fxsr sse sse2 ht syscall nx rdtscp lm constant_tsc rep_good nopl xtopology nonstop_tsc pni pclmulqdq ssse3 cx16 sse4_1 sse4_2 movbe popcnt aes xsave avx rdrand lahf_lm abm
bogomips	: 4389.82
clflush size	: 64
cache_alignment	: 64
address sizes	: 39 bits physical, 48 bits virtual
power management:

processor	: 1
vendor_id	: GenuineIntel
cpu family	: 6
model		: 70
model name	: Intel(R) Core(TM) i7-4770HQ CPU @ 2.20GHz
stepping	: 1
cpu MHz		: 2194.912
cache size	: 6144 KB
physical id	: 0
siblings	: 2
core id		: 1
cpu cores	: 2
apicid		: 1
initial apicid	: 1
fpu		: yes
fpu_exception	: yes
cpuid level	: 13
wp		: yes
flags		: fpu vme de pse tsc msr pae mce cx8 apic sep mtrr pge mca cmov pat pse36 clflush mmx fxsr sse sse2 ht syscall nx rdtscp lm constant_tsc rep_good nopl xtopology nonstop_tsc pni pclmulqdq ssse3 cx16 sse4_1 sse4_2 movbe popcnt aes xsave avx rdrand lahf_lm abm
bogomips	: 4389.82
clflush size	: 64
cache_alignment	: 64
address sizes	: 39 bits physical, 48 bits virtual
power management:



Memory: 4k page, physical 4048176k(87816k free), swap 0k(0k free)

vm_info: Java HotSpot(TM) 64-Bit Server VM (25.144-b01) for linux-amd64 JRE (1.8.0_144-b01), built on Jul 21 2017 21:57:33 by "java_re" with gcc 4.3.0 20080428 (Red Hat 4.3.0-8)

time: Sat Sep  9 02:27:39 2017
elapsed time: 6 seconds (0d 0h 0m 6s)

